[qnode0016:2656138] mca_base_component_repository_open: unable to open mca_mtl_psm: libpsm_infinipath.so.1: cannot open shared object file: No such file or directory (ignored)
[qnode0017:1167750] mca_base_component_repository_open: unable to open mca_mtl_psm: libpsm_infinipath.so.1: cannot open shared object file: No such file or directory (ignored)
Traceback (most recent call last):
  File "/gpfs/home/exy4679/duckdb_test/src/distributed_join_customer_orders.py", line 372, in <module>
    main()
  File "/gpfs/home/exy4679/duckdb_test/src/distributed_join_customer_orders.py", line 358, in main
    collect_results_parquet_streaming(comm, rank, size, conn)
  File "/gpfs/home/exy4679/duckdb_test/src/distributed_join_customer_orders.py", line 245, in collect_results_parquet_streaming
    conn.execute(query, (temp_parquet,))
duckdb.duckdb.InvalidInputException: Invalid Input Error: Parameter argument/count mismatch, identifiers of the excess parameters: 1
Traceback (most recent call last):
  File "/gpfs/home/exy4679/duckdb_test/src/distributed_join_customer_orders.py", line 372, in <module>
    main()
  File "/gpfs/home/exy4679/duckdb_test/src/distributed_join_customer_orders.py", line 358, in main
    collect_results_parquet_streaming(comm, rank, size, conn)
  File "/gpfs/home/exy4679/duckdb_test/src/distributed_join_customer_orders.py", line 245, in collect_results_parquet_streaming
    conn.execute(query, (temp_parquet,))
duckdb.duckdb.InvalidInputException: Invalid Input Error: Parameter argument/count mismatch, identifiers of the excess parameters: 1
--------------------------------------------------------------------------
Primary job  terminated normally, but 1 process returned
a non-zero exit code. Per user-direction, the job has been aborted.
--------------------------------------------------------------------------
--------------------------------------------------------------------------
mpirun detected that one or more processes exited with non-zero status, thus causing
the job to be terminated. The first process to do so was:

  Process name: [[64567,1],1]
  Exit code:    1
--------------------------------------------------------------------------
/var/spool/slurmd/job4931841/slurm_script: line 30: data: command not found
